<?xml version="1.0" encoding="UTF-8"?>
<testsuites name="jest tests" tests="1" failures="0" errors="0" time="8.511">
  <testsuite name="src\App.test.js" errors="0" failures="0" skipped="0" timestamp="2025-06-13T18:25:41" time="3.892" tests="1">
    <testcase classname="-renders learn Jenkins link" name="-renders learn Jenkins link" time="0.272">
    </testcase>
  </testsuite>
</testsuites>